{"/Users/helizakay/Desktop/flagged-posts-review/flagged-posts-review/express-backend/src/data.ts": {"path":"/Users/helizakay/Desktop/flagged-posts-review/flagged-posts-review/express-backend/src/data.ts","statementMap":{"0":{"start":{"line":15,"column":0},"end":{"line":15,"column":16}},"1":{"start":{"line":25,"column":0},"end":{"line":25,"column":16}},"2":{"start":{"line":29,"column":0},"end":{"line":29,"column":16}},"3":{"start":{"line":36,"column":0},"end":{"line":36,"column":16}},"4":{"start":{"line":43,"column":0},"end":{"line":43,"column":16}},"5":{"start":{"line":1,"column":0},"end":{"line":1,"column":20}},"6":{"start":{"line":2,"column":0},"end":{"line":2,"column":24}},"7":{"start":{"line":13,"column":23},"end":{"line":13,"column":25}},"8":{"start":{"line":16,"column":19},"end":{"line":16,"column":68}},"9":{"start":{"line":17,"column":14},"end":{"line":17,"column":48}},"10":{"start":{"line":18,"column":19},"end":{"line":18,"column":34}},"11":{"start":{"line":19,"column":2},"end":{"line":22,"column":6}},"12":{"start":{"line":19,"column":39},"end":{"line":22,"column":4}},"13":{"start":{"line":26,"column":2},"end":{"line":26,"column":18}},"14":{"start":{"line":30,"column":15},"end":{"line":30,"column":48}},"15":{"start":{"line":30,"column":36},"end":{"line":30,"column":47}},"16":{"start":{"line":31,"column":2},"end":{"line":31,"column":25}},"17":{"start":{"line":31,"column":13},"end":{"line":31,"column":25}},"18":{"start":{"line":32,"column":2},"end":{"line":32,"column":23}},"19":{"start":{"line":33,"column":2},"end":{"line":33,"column":14}},"20":{"start":{"line":37,"column":15},"end":{"line":37,"column":48}},"21":{"start":{"line":37,"column":36},"end":{"line":37,"column":47}},"22":{"start":{"line":38,"column":2},"end":{"line":38,"column":52}},"23":{"start":{"line":38,"column":40},"end":{"line":38,"column":52}},"24":{"start":{"line":39,"column":2},"end":{"line":39,"column":22}},"25":{"start":{"line":40,"column":2},"end":{"line":40,"column":14}},"26":{"start":{"line":44,"column":15},"end":{"line":44,"column":48}},"27":{"start":{"line":44,"column":36},"end":{"line":44,"column":47}},"28":{"start":{"line":45,"column":2},"end":{"line":45,"column":25}},"29":{"start":{"line":45,"column":13},"end":{"line":45,"column":25}},"30":{"start":{"line":46,"column":2},"end":{"line":46,"column":49}},"31":{"start":{"line":46,"column":38},"end":{"line":46,"column":47}},"32":{"start":{"line":47,"column":2},"end":{"line":47,"column":14}},"33":{"start":{"line":51,"column":0},"end":{"line":51,"column":12}}},"fnMap":{"0":{"name":"loadPosts","decl":{"start":{"line":15,"column":16},"end":{"line":15,"column":25}},"loc":{"start":{"line":15,"column":25},"end":{"line":23,"column":1}}},"1":{"name":"(anonymous_2)","decl":{"start":{"line":19,"column":26},"end":{"line":19,"column":27}},"loc":{"start":{"line":19,"column":39},"end":{"line":22,"column":4}}},"2":{"name":"getPosts","decl":{"start":{"line":25,"column":16},"end":{"line":25,"column":24}},"loc":{"start":{"line":25,"column":24},"end":{"line":27,"column":1}}},"3":{"name":"updatePostStatus","decl":{"start":{"line":29,"column":16},"end":{"line":29,"column":32}},"loc":{"start":{"line":29,"column":59},"end":{"line":34,"column":1}}},"4":{"name":"(anonymous_5)","decl":{"start":{"line":30,"column":29},"end":{"line":30,"column":30}},"loc":{"start":{"line":30,"column":36},"end":{"line":30,"column":47}}},"5":{"name":"addTag","decl":{"start":{"line":36,"column":16},"end":{"line":36,"column":22}},"loc":{"start":{"line":36,"column":46},"end":{"line":41,"column":1}}},"6":{"name":"(anonymous_7)","decl":{"start":{"line":37,"column":29},"end":{"line":37,"column":30}},"loc":{"start":{"line":37,"column":36},"end":{"line":37,"column":47}}},"7":{"name":"removeTag","decl":{"start":{"line":43,"column":16},"end":{"line":43,"column":25}},"loc":{"start":{"line":43,"column":49},"end":{"line":48,"column":1}}},"8":{"name":"(anonymous_9)","decl":{"start":{"line":44,"column":29},"end":{"line":44,"column":30}},"loc":{"start":{"line":44,"column":36},"end":{"line":44,"column":47}}},"9":{"name":"(anonymous_10)","decl":{"start":{"line":46,"column":31},"end":{"line":46,"column":32}},"loc":{"start":{"line":46,"column":38},"end":{"line":46,"column":47}}}},"branchMap":{"0":{"loc":{"start":{"line":31,"column":2},"end":{"line":31,"column":25}},"type":"if","locations":[{"start":{"line":31,"column":2},"end":{"line":31,"column":25}},{"start":{},"end":{}}]},"1":{"loc":{"start":{"line":38,"column":2},"end":{"line":38,"column":52}},"type":"if","locations":[{"start":{"line":38,"column":2},"end":{"line":38,"column":52}},{"start":{},"end":{}}]},"2":{"loc":{"start":{"line":38,"column":6},"end":{"line":38,"column":38}},"type":"binary-expr","locations":[{"start":{"line":38,"column":6},"end":{"line":38,"column":11}},{"start":{"line":38,"column":15},"end":{"line":38,"column":38}}]},"3":{"loc":{"start":{"line":45,"column":2},"end":{"line":45,"column":25}},"type":"if","locations":[{"start":{"line":45,"column":2},"end":{"line":45,"column":25}},{"start":{},"end":{}}]}},"s":{"0":1,"1":1,"2":1,"3":1,"4":1,"5":1,"6":1,"7":1,"8":2,"9":2,"10":2,"11":2,"12":40,"13":1,"14":1,"15":1,"16":1,"17":0,"18":1,"19":1,"20":2,"21":2,"22":2,"23":0,"24":2,"25":2,"26":1,"27":1,"28":1,"29":0,"30":1,"31":3,"32":1,"33":1},"f":{"0":2,"1":40,"2":1,"3":1,"4":1,"5":2,"6":2,"7":1,"8":1,"9":3},"b":{"0":[0,1],"1":[0,2],"2":[2,2],"3":[0,1]}}
,"/Users/helizakay/Desktop/flagged-posts-review/flagged-posts-review/express-backend/src/server.ts": {"path":"/Users/helizakay/Desktop/flagged-posts-review/flagged-posts-review/express-backend/src/server.ts","statementMap":{"0":{"start":{"line":1,"column":0},"end":{"line":1,"column":47}},"1":{"start":{"line":2,"column":0},"end":{"line":2,"column":41}},"2":{"start":{"line":3,"column":0},"end":{"line":3,"column":24}},"3":{"start":{"line":4,"column":0},"end":{"line":4,"column":35}},"4":{"start":{"line":6,"column":25},"end":{"line":6,"column":34}},"5":{"start":{"line":7,"column":0},"end":{"line":7,"column":16}},"6":{"start":{"line":8,"column":0},"end":{"line":8,"column":24}},"7":{"start":{"line":11,"column":0},"end":{"line":11,"column":12}},"8":{"start":{"line":13,"column":0},"end":{"line":13,"column":35}},"9":{"start":{"line":15,"column":0},"end":{"line":20,"column":1}},"10":{"start":{"line":16,"column":15},"end":{"line":16,"column":39}},"11":{"start":{"line":17,"column":2},"end":{"line":19,"column":5}},"12":{"start":{"line":18,"column":4},"end":{"line":18,"column":58}},"13":{"start":{"line":22,"column":0},"end":{"line":22,"column":19}}},"fnMap":{"0":{"name":"(anonymous_1)","decl":{"start":{"line":17,"column":19},"end":{"line":17,"column":22}},"loc":{"start":{"line":17,"column":24},"end":{"line":19,"column":3}}}},"branchMap":{"0":{"loc":{"start":{"line":15,"column":0},"end":{"line":20,"column":1}},"type":"if","locations":[{"start":{"line":15,"column":0},"end":{"line":20,"column":1}},{"start":{},"end":{}}]},"1":{"loc":{"start":{"line":16,"column":15},"end":{"line":16,"column":39}},"type":"binary-expr","locations":[{"start":{"line":16,"column":15},"end":{"line":16,"column":31}},{"start":{"line":16,"column":35},"end":{"line":16,"column":39}}]}},"s":{"0":1,"1":1,"2":1,"3":1,"4":1,"5":1,"6":1,"7":1,"8":1,"9":1,"10":0,"11":0,"12":0,"13":1},"f":{"0":0},"b":{"0":[0,1],"1":[0,0]}}
,"/Users/helizakay/Desktop/flagged-posts-review/flagged-posts-review/express-backend/src/routes/posts.ts": {"path":"/Users/helizakay/Desktop/flagged-posts-review/flagged-posts-review/express-backend/src/routes/posts.ts","statementMap":{"0":{"start":{"line":1,"column":0},"end":{"line":1,"column":52}},"1":{"start":{"line":2,"column":0},"end":{"line":2,"column":83}},"2":{"start":{"line":3,"column":0},"end":{"line":3,"column":24}},"3":{"start":{"line":5,"column":19},"end":{"line":5,"column":67}},"4":{"start":{"line":6,"column":18},"end":{"line":6,"column":43}},"5":{"start":{"line":7,"column":17},"end":{"line":7,"column":44}},"6":{"start":{"line":9,"column":15},"end":{"line":9,"column":23}},"7":{"start":{"line":12,"column":0},"end":{"line":51,"column":3}},"8":{"start":{"line":13,"column":44},"end":{"line":13,"column":53}},"9":{"start":{"line":14,"column":16},"end":{"line":14,"column":45}},"10":{"start":{"line":15,"column":17},"end":{"line":15,"column":46}},"11":{"start":{"line":16,"column":14},"end":{"line":16,"column":24}},"12":{"start":{"line":19,"column":2},"end":{"line":21,"column":3}},"13":{"start":{"line":20,"column":4},"end":{"line":20,"column":67}},"14":{"start":{"line":23,"column":2},"end":{"line":25,"column":3}},"15":{"start":{"line":24,"column":4},"end":{"line":24,"column":64}},"16":{"start":{"line":27,"column":2},"end":{"line":29,"column":3}},"17":{"start":{"line":28,"column":4},"end":{"line":28,"column":70}},"18":{"start":{"line":31,"column":2},"end":{"line":31,"column":63}},"19":{"start":{"line":31,"column":14},"end":{"line":31,"column":63}},"20":{"start":{"line":31,"column":42},"end":{"line":31,"column":61}},"21":{"start":{"line":32,"column":2},"end":{"line":32,"column":69}},"22":{"start":{"line":32,"column":16},"end":{"line":32,"column":69}},"23":{"start":{"line":32,"column":44},"end":{"line":32,"column":67}},"24":{"start":{"line":33,"column":2},"end":{"line":33,"column":69}},"25":{"start":{"line":33,"column":11},"end":{"line":33,"column":69}},"26":{"start":{"line":33,"column":39},"end":{"line":33,"column":67}},"27":{"start":{"line":34,"column":2},"end":{"line":37,"column":6}},"28":{"start":{"line":35,"column":4},"end":{"line":37,"column":6}},"29":{"start":{"line":36,"column":6},"end":{"line":36,"column":65}},"30":{"start":{"line":39,"column":16},"end":{"line":39,"column":28}},"31":{"start":{"line":40,"column":20},"end":{"line":40,"column":55}},"32":{"start":{"line":41,"column":18},"end":{"line":41,"column":40}},"33":{"start":{"line":42,"column":21},"end":{"line":42,"column":52}},"34":{"start":{"line":43,"column":2},"end":{"line":50,"column":5}},"35":{"start":{"line":54,"column":0},"end":{"line":67,"column":3}},"36":{"start":{"line":55,"column":13},"end":{"line":55,"column":34}},"37":{"start":{"line":56,"column":21},"end":{"line":56,"column":29}},"38":{"start":{"line":58,"column":2},"end":{"line":60,"column":3}},"39":{"start":{"line":59,"column":4},"end":{"line":59,"column":62}},"40":{"start":{"line":61,"column":2},"end":{"line":63,"column":3}},"41":{"start":{"line":62,"column":4},"end":{"line":62,"column":67}},"42":{"start":{"line":64,"column":15},"end":{"line":64,"column":43}},"43":{"start":{"line":65,"column":2},"end":{"line":65,"column":70}},"44":{"start":{"line":65,"column":13},"end":{"line":65,"column":70}},"45":{"start":{"line":66,"column":2},"end":{"line":66,"column":17}},"46":{"start":{"line":70,"column":0},"end":{"line":86,"column":3}},"47":{"start":{"line":71,"column":13},"end":{"line":71,"column":34}},"48":{"start":{"line":72,"column":18},"end":{"line":72,"column":26}},"49":{"start":{"line":74,"column":2},"end":{"line":76,"column":3}},"50":{"start":{"line":75,"column":4},"end":{"line":75,"column":62}},"51":{"start":{"line":77,"column":2},"end":{"line":79,"column":3}},"52":{"start":{"line":78,"column":4},"end":{"line":78,"column":64}},"53":{"start":{"line":80,"column":15},"end":{"line":80,"column":30}},"54":{"start":{"line":81,"column":2},"end":{"line":84,"column":63}},"55":{"start":{"line":82,"column":4},"end":{"line":84,"column":63}},"56":{"start":{"line":85,"column":2},"end":{"line":85,"column":17}},"57":{"start":{"line":89,"column":0},"end":{"line":102,"column":3}},"58":{"start":{"line":90,"column":13},"end":{"line":90,"column":34}},"59":{"start":{"line":91,"column":14},"end":{"line":91,"column":28}},"60":{"start":{"line":93,"column":2},"end":{"line":95,"column":3}},"61":{"start":{"line":94,"column":4},"end":{"line":94,"column":62}},"62":{"start":{"line":96,"column":2},"end":{"line":98,"column":3}},"63":{"start":{"line":97,"column":4},"end":{"line":97,"column":64}},"64":{"start":{"line":99,"column":15},"end":{"line":99,"column":33}},"65":{"start":{"line":100,"column":2},"end":{"line":100,"column":77}},"66":{"start":{"line":100,"column":13},"end":{"line":100,"column":77}},"67":{"start":{"line":101,"column":2},"end":{"line":101,"column":17}},"68":{"start":{"line":104,"column":0},"end":{"line":104,"column":22}}},"fnMap":{"0":{"name":"(anonymous_0)","decl":{"start":{"line":12,"column":16},"end":{"line":12,"column":17}},"loc":{"start":{"line":12,"column":48},"end":{"line":51,"column":1}}},"1":{"name":"(anonymous_1)","decl":{"start":{"line":31,"column":35},"end":{"line":31,"column":36}},"loc":{"start":{"line":31,"column":42},"end":{"line":31,"column":61}}},"2":{"name":"(anonymous_2)","decl":{"start":{"line":32,"column":37},"end":{"line":32,"column":38}},"loc":{"start":{"line":32,"column":44},"end":{"line":32,"column":67}}},"3":{"name":"(anonymous_3)","decl":{"start":{"line":33,"column":32},"end":{"line":33,"column":33}},"loc":{"start":{"line":33,"column":39},"end":{"line":33,"column":67}}},"4":{"name":"(anonymous_4)","decl":{"start":{"line":35,"column":25},"end":{"line":35,"column":26}},"loc":{"start":{"line":36,"column":6},"end":{"line":36,"column":65}}},"5":{"name":"(anonymous_5)","decl":{"start":{"line":54,"column":28},"end":{"line":54,"column":29}},"loc":{"start":{"line":54,"column":60},"end":{"line":67,"column":1}}},"6":{"name":"(anonymous_6)","decl":{"start":{"line":70,"column":25},"end":{"line":70,"column":26}},"loc":{"start":{"line":70,"column":57},"end":{"line":86,"column":1}}},"7":{"name":"(anonymous_7)","decl":{"start":{"line":89,"column":32},"end":{"line":89,"column":33}},"loc":{"start":{"line":89,"column":64},"end":{"line":102,"column":1}}}},"branchMap":{"0":{"loc":{"start":{"line":14,"column":23},"end":{"line":14,"column":44}},"type":"binary-expr","locations":[{"start":{"line":14,"column":23},"end":{"line":14,"column":38}},{"start":{"line":14,"column":42},"end":{"line":14,"column":44}}]},"1":{"loc":{"start":{"line":15,"column":24},"end":{"line":15,"column":45}},"type":"binary-expr","locations":[{"start":{"line":15,"column":24},"end":{"line":15,"column":40}},{"start":{"line":15,"column":44},"end":{"line":15,"column":45}}]},"2":{"loc":{"start":{"line":19,"column":2},"end":{"line":21,"column":3}},"type":"if","locations":[{"start":{"line":19,"column":2},"end":{"line":21,"column":3}},{"start":{},"end":{}}]},"3":{"loc":{"start":{"line":19,"column":6},"end":{"line":19,"column":53}},"type":"binary-expr","locations":[{"start":{"line":19,"column":6},"end":{"line":19,"column":12}},{"start":{"line":19,"column":16},"end":{"line":19,"column":53}}]},"4":{"loc":{"start":{"line":23,"column":2},"end":{"line":25,"column":3}},"type":"if","locations":[{"start":{"line":23,"column":2},"end":{"line":25,"column":3}},{"start":{},"end":{}}]},"5":{"loc":{"start":{"line":23,"column":6},"end":{"line":23,"column":46}},"type":"binary-expr","locations":[{"start":{"line":23,"column":6},"end":{"line":23,"column":9}},{"start":{"line":23,"column":13},"end":{"line":23,"column":46}}]},"6":{"loc":{"start":{"line":27,"column":2},"end":{"line":29,"column":3}},"type":"if","locations":[{"start":{"line":27,"column":2},"end":{"line":29,"column":3}},{"start":{},"end":{}}]},"7":{"loc":{"start":{"line":27,"column":6},"end":{"line":27,"column":44}},"type":"binary-expr","locations":[{"start":{"line":27,"column":6},"end":{"line":27,"column":15}},{"start":{"line":27,"column":19},"end":{"line":27,"column":30}},{"start":{"line":27,"column":34},"end":{"line":27,"column":44}}]},"8":{"loc":{"start":{"line":31,"column":2},"end":{"line":31,"column":63}},"type":"if","locations":[{"start":{"line":31,"column":2},"end":{"line":31,"column":63}},{"start":{},"end":{}}]},"9":{"loc":{"start":{"line":32,"column":2},"end":{"line":32,"column":69}},"type":"if","locations":[{"start":{"line":32,"column":2},"end":{"line":32,"column":69}},{"start":{},"end":{}}]},"10":{"loc":{"start":{"line":33,"column":2},"end":{"line":33,"column":69}},"type":"if","locations":[{"start":{"line":33,"column":2},"end":{"line":33,"column":69}},{"start":{},"end":{}}]},"11":{"loc":{"start":{"line":34,"column":2},"end":{"line":37,"column":6}},"type":"if","locations":[{"start":{"line":34,"column":2},"end":{"line":37,"column":6}},{"start":{},"end":{}}]},"12":{"loc":{"start":{"line":42,"column":21},"end":{"line":42,"column":52}},"type":"cond-expr","locations":[{"start":{"line":42,"column":31},"end":{"line":42,"column":45}},{"start":{"line":42,"column":48},"end":{"line":42,"column":52}}]},"13":{"loc":{"start":{"line":58,"column":2},"end":{"line":60,"column":3}},"type":"if","locations":[{"start":{"line":58,"column":2},"end":{"line":60,"column":3}},{"start":{},"end":{}}]},"14":{"loc":{"start":{"line":61,"column":2},"end":{"line":63,"column":3}},"type":"if","locations":[{"start":{"line":61,"column":2},"end":{"line":63,"column":3}},{"start":{},"end":{}}]},"15":{"loc":{"start":{"line":65,"column":2},"end":{"line":65,"column":70}},"type":"if","locations":[{"start":{"line":65,"column":2},"end":{"line":65,"column":70}},{"start":{},"end":{}}]},"16":{"loc":{"start":{"line":74,"column":2},"end":{"line":76,"column":3}},"type":"if","locations":[{"start":{"line":74,"column":2},"end":{"line":76,"column":3}},{"start":{},"end":{}}]},"17":{"loc":{"start":{"line":77,"column":2},"end":{"line":79,"column":3}},"type":"if","locations":[{"start":{"line":77,"column":2},"end":{"line":79,"column":3}},{"start":{},"end":{}}]},"18":{"loc":{"start":{"line":81,"column":2},"end":{"line":84,"column":63}},"type":"if","locations":[{"start":{"line":81,"column":2},"end":{"line":84,"column":63}},{"start":{},"end":{}}]},"19":{"loc":{"start":{"line":93,"column":2},"end":{"line":95,"column":3}},"type":"if","locations":[{"start":{"line":93,"column":2},"end":{"line":95,"column":3}},{"start":{},"end":{}}]},"20":{"loc":{"start":{"line":96,"column":2},"end":{"line":98,"column":3}},"type":"if","locations":[{"start":{"line":96,"column":2},"end":{"line":98,"column":3}},{"start":{},"end":{}}]},"21":{"loc":{"start":{"line":100,"column":2},"end":{"line":100,"column":77}},"type":"if","locations":[{"start":{"line":100,"column":2},"end":{"line":100,"column":77}},{"start":{},"end":{}}]}},"s":{"0":1,"1":1,"2":1,"3":1,"4":1,"5":1,"6":1,"7":1,"8":1,"9":1,"10":1,"11":1,"12":1,"13":0,"14":1,"15":0,"16":1,"17":0,"18":1,"19":0,"20":0,"21":1,"22":0,"23":0,"24":1,"25":0,"26":0,"27":1,"28":0,"29":0,"30":1,"31":1,"32":1,"33":1,"34":1,"35":1,"36":1,"37":1,"38":1,"39":0,"40":1,"41":0,"42":1,"43":1,"44":0,"45":1,"46":1,"47":2,"48":2,"49":2,"50":0,"51":2,"52":0,"53":2,"54":2,"55":0,"56":2,"57":1,"58":1,"59":1,"60":1,"61":0,"62":1,"63":0,"64":1,"65":1,"66":0,"67":1,"68":1},"f":{"0":1,"1":0,"2":0,"3":0,"4":0,"5":1,"6":2,"7":1},"b":{"0":[1,1],"1":[1,1],"2":[0,1],"3":[1,0],"4":[0,1],"5":[1,0],"6":[0,1],"7":[1,1,1],"8":[0,1],"9":[0,1],"10":[0,1],"11":[0,1],"12":[1,0],"13":[0,1],"14":[0,1],"15":[0,1],"16":[0,2],"17":[0,2],"18":[0,2],"19":[0,1],"20":[0,1],"21":[0,1]}}
}
