TN:
SF:src/data.ts
FN:15,loadPosts
FN:19,(anonymous_2)
FN:25,getPosts
FN:29,updatePostStatus
FN:30,(anonymous_5)
FN:36,addTag
FN:37,(anonymous_7)
FN:43,removeTag
FN:44,(anonymous_9)
FN:46,(anonymous_10)
FNF:10
FNH:10
FNDA:2,loadPosts
FNDA:40,(anonymous_2)
FNDA:1,getPosts
FNDA:1,updatePostStatus
FNDA:1,(anonymous_5)
FNDA:2,addTag
FNDA:2,(anonymous_7)
FNDA:1,removeTag
FNDA:1,(anonymous_9)
FNDA:3,(anonymous_10)
DA:1,1
DA:2,1
DA:13,1
DA:15,1
DA:16,2
DA:17,2
DA:18,2
DA:19,40
DA:25,1
DA:26,1
DA:29,1
DA:30,1
DA:31,1
DA:32,1
DA:33,1
DA:36,1
DA:37,2
DA:38,2
DA:39,2
DA:40,2
DA:43,1
DA:44,1
DA:45,1
DA:46,3
DA:47,1
DA:51,1
LF:26
LH:26
BRDA:31,0,0,0
BRDA:31,0,1,1
BRDA:38,1,0,0
BRDA:38,1,1,2
BRDA:38,2,0,2
BRDA:38,2,1,2
BRDA:45,3,0,0
BRDA:45,3,1,1
BRF:8
BRH:5
end_of_record
TN:
SF:src/server.ts
FN:17,(anonymous_1)
FNF:1
FNH:0
FNDA:0,(anonymous_1)
DA:1,1
DA:2,1
DA:3,1
DA:4,1
DA:6,1
DA:7,1
DA:8,1
DA:11,1
DA:13,1
DA:15,1
DA:16,0
DA:17,0
DA:18,0
DA:22,1
LF:14
LH:11
BRDA:15,0,0,0
BRDA:15,0,1,1
BRDA:16,1,0,0
BRDA:16,1,1,0
BRF:4
BRH:1
end_of_record
TN:
SF:src/routes/posts.ts
FN:12,(anonymous_0)
FN:31,(anonymous_1)
FN:32,(anonymous_2)
FN:33,(anonymous_3)
FN:35,(anonymous_4)
FN:54,(anonymous_5)
FN:70,(anonymous_6)
FN:89,(anonymous_7)
FNF:8
FNH:4
FNDA:1,(anonymous_0)
FNDA:0,(anonymous_1)
FNDA:0,(anonymous_2)
FNDA:0,(anonymous_3)
FNDA:0,(anonymous_4)
FNDA:1,(anonymous_5)
FNDA:2,(anonymous_6)
FNDA:1,(anonymous_7)
DA:1,1
DA:2,1
DA:3,1
DA:5,1
DA:6,1
DA:7,1
DA:9,1
DA:12,1
DA:13,1
DA:14,1
DA:15,1
DA:16,1
DA:19,1
DA:20,0
DA:23,1
DA:24,0
DA:27,1
DA:28,0
DA:31,1
DA:32,1
DA:33,1
DA:34,1
DA:35,0
DA:36,0
DA:39,1
DA:40,1
DA:41,1
DA:42,1
DA:43,1
DA:54,1
DA:55,1
DA:56,1
DA:58,1
DA:59,0
DA:61,1
DA:62,0
DA:64,1
DA:65,1
DA:66,1
DA:70,1
DA:71,2
DA:72,2
DA:74,2
DA:75,0
DA:77,2
DA:78,0
DA:80,2
DA:81,2
DA:82,0
DA:85,2
DA:89,1
DA:90,1
DA:91,1
DA:93,1
DA:94,0
DA:96,1
DA:97,0
DA:99,1
DA:100,1
DA:101,1
DA:104,1
LF:61
LH:49
BRDA:14,0,0,1
BRDA:14,0,1,1
BRDA:15,1,0,1
BRDA:15,1,1,1
BRDA:19,2,0,0
BRDA:19,2,1,1
BRDA:19,3,0,1
BRDA:19,3,1,0
BRDA:23,4,0,0
BRDA:23,4,1,1
BRDA:23,5,0,1
BRDA:23,5,1,0
BRDA:27,6,0,0
BRDA:27,6,1,1
BRDA:27,7,0,1
BRDA:27,7,1,1
BRDA:27,7,2,1
BRDA:31,8,0,0
BRDA:31,8,1,1
BRDA:32,9,0,0
BRDA:32,9,1,1
BRDA:33,10,0,0
BRDA:33,10,1,1
BRDA:34,11,0,0
BRDA:34,11,1,1
BRDA:42,12,0,1
BRDA:42,12,1,0
BRDA:58,13,0,0
BRDA:58,13,1,1
BRDA:61,14,0,0
BRDA:61,14,1,1
BRDA:65,15,0,0
BRDA:65,15,1,1
BRDA:74,16,0,0
BRDA:74,16,1,2
BRDA:77,17,0,0
BRDA:77,17,1,2
BRDA:81,18,0,0
BRDA:81,18,1,2
BRDA:93,19,0,0
BRDA:93,19,1,1
BRDA:96,20,0,0
BRDA:96,20,1,1
BRDA:100,21,0,0
BRDA:100,21,1,1
BRF:45
BRH:26
end_of_record
